Classic Timing Analyzer report for CircuitoDigital
Mon May  4 11:25:50 2015
Quartus II Version 9.0 Build 132 02/25/2009 SJ Full Version


---------------------
; Table of Contents ;
---------------------
  1. Legal Notice
  2. Timing Analyzer Summary
  3. Timing Analyzer Settings
  4. Clock Settings Summary
  5. Parallel Compilation
  6. Clock Setup: 'ClockSeletorPrincipal'
  7. tco
  8. tpd
  9. Timing Analyzer Messages



----------------
; Legal Notice ;
----------------
Copyright (C) 1991-2009 Altera Corporation
Your use of Altera Corporation's design tools, logic functions 
and other software and tools, and its AMPP partner logic 
functions, and any output files from any of the foregoing 
(including device programming or simulation files), and any 
associated documentation or information are expressly subject 
to the terms and conditions of the Altera Program License 
Subscription Agreement, Altera MegaCore Function License 
Agreement, or other applicable license agreement, including, 
without limitation, that your use is for the sole purpose of 
programming logic devices manufactured by Altera and sold by 
Altera or its authorized distributors.  Please refer to the 
applicable agreement for further details.



+--------------------------------------------------------------------------------------------------------------------------------------------------------------------------------------------------------------------------------------------------+
; Timing Analyzer Summary                                                                                                                                                                                                                          ;
+--------------------------------------+-------+---------------+------------------------------------------------+--------------------------------+----------------------------------+-----------------------+-----------------------+--------------+
; Type                                 ; Slack ; Required Time ; Actual Time                                    ; From                           ; To                               ; From Clock            ; To Clock              ; Failed Paths ;
+--------------------------------------+-------+---------------+------------------------------------------------+--------------------------------+----------------------------------+-----------------------+-----------------------+--------------+
; Worst-case tco                       ; N/A   ; None          ; 85.100 ns                                      ; DivisorFrequencia:inst2|inst17 ; saidaprincipal1                  ; ClockSeletorPrincipal ; --                    ; 0            ;
; Worst-case tpd                       ; N/A   ; None          ; 32.800 ns                                      ; L1                             ; saidaprincipal1                  ; --                    ; --                    ; 0            ;
; Clock Setup: 'ClockSeletorPrincipal' ; N/A   ; None          ; Restricted to 200.00 MHz ( period = 5.000 ns ) ; DivisorFrequencia:inst2|inst17 ; DivisorFrequencia:inst2|inst17~3 ; ClockSeletorPrincipal ; ClockSeletorPrincipal ; 0            ;
; Total number of failed paths         ;       ;               ;                                                ;                                ;                                  ;                       ;                       ; 0            ;
+--------------------------------------+-------+---------------+------------------------------------------------+--------------------------------+----------------------------------+-----------------------+-----------------------+--------------+


+--------------------------------------------------------------------------------------------------------------------+
; Timing Analyzer Settings                                                                                           ;
+---------------------------------------------------------------------+--------------------+------+----+-------------+
; Option                                                              ; Setting            ; From ; To ; Entity Name ;
+---------------------------------------------------------------------+--------------------+------+----+-------------+
; Device Name                                                         ; EP1K100QC208-3     ;      ;    ;             ;
; Timing Models                                                       ; Final              ;      ;    ;             ;
; Default hold multicycle                                             ; Same as Multicycle ;      ;    ;             ;
; Cut paths between unrelated clock domains                           ; On                 ;      ;    ;             ;
; Cut off read during write signal paths                              ; On                 ;      ;    ;             ;
; Cut off feedback from I/O pins                                      ; On                 ;      ;    ;             ;
; Report Combined Fast/Slow Timing                                    ; Off                ;      ;    ;             ;
; Ignore Clock Settings                                               ; Off                ;      ;    ;             ;
; Analyze latches as synchronous elements                             ; On                 ;      ;    ;             ;
; Enable Recovery/Removal analysis                                    ; Off                ;      ;    ;             ;
; Enable Clock Latency                                                ; Off                ;      ;    ;             ;
; Use TimeQuest Timing Analyzer                                       ; Off                ;      ;    ;             ;
; Number of source nodes to report per destination node               ; 10                 ;      ;    ;             ;
; Number of destination nodes to report                               ; 10                 ;      ;    ;             ;
; Number of paths to report                                           ; 200                ;      ;    ;             ;
; Report Minimum Timing Checks                                        ; Off                ;      ;    ;             ;
; Use Fast Timing Models                                              ; Off                ;      ;    ;             ;
; Report IO Paths Separately                                          ; Off                ;      ;    ;             ;
; Perform Multicorner Analysis                                        ; Off                ;      ;    ;             ;
; Reports the worst-case path for each clock domain and analysis      ; Off                ;      ;    ;             ;
; Removes common clock path pessimism (CCPP) during slack computation ; Off                ;      ;    ;             ;
; Output I/O Timing Endpoint                                          ; Near End           ;      ;    ;             ;
+---------------------------------------------------------------------+--------------------+------+----+-------------+


+------------------------------------------------------------------------------------------------------------------------------------------------------------------------------------------+
; Clock Settings Summary                                                                                                                                                                   ;
+-----------------------+--------------------+----------+------------------+---------------+--------------+----------+-----------------------+---------------------+--------+--------------+
; Clock Node Name       ; Clock Setting Name ; Type     ; Fmax Requirement ; Early Latency ; Late Latency ; Based on ; Multiply Base Fmax by ; Divide Base Fmax by ; Offset ; Phase offset ;
+-----------------------+--------------------+----------+------------------+---------------+--------------+----------+-----------------------+---------------------+--------+--------------+
; ClockSeletorPrincipal ;                    ; User Pin ; None             ; 0.000 ns      ; 0.000 ns     ; --       ; N/A                   ; N/A                 ; N/A    ;              ;
+-----------------------+--------------------+----------+------------------+---------------+--------------+----------+-----------------------+---------------------+--------+--------------+


+------------------------------------------+
; Parallel Compilation                     ;
+----------------------------+-------------+
; Processors                 ; Number      ;
+----------------------------+-------------+
; Number detected on machine ; 2           ;
; Maximum allowed            ; 2           ;
;                            ;             ;
; Average used               ; 1.00        ;
; Maximum used               ; 1           ;
;                            ;             ;
; Usage by Processor         ; % Time Used ;
;     1 processor            ; 100.0%      ;
;     2 processors           ;   0.0%      ;
+----------------------------+-------------+


+----------------------------------------------------------------------------------------------------------------------------------------------------------------------------------------------------------------------------------------------------------------+
; Clock Setup: 'ClockSeletorPrincipal'                                                                                                                                                                                                                           ;
+-------+------------------------------------------------+--------------------------------+----------------------------------+-----------------------+-----------------------+-----------------------------+---------------------------+-------------------------+
; Slack ; Actual fmax (period)                           ; From                           ; To                               ; From Clock            ; To Clock              ; Required Setup Relationship ; Required Longest P2P Time ; Actual Longest P2P Time ;
+-------+------------------------------------------------+--------------------------------+----------------------------------+-----------------------+-----------------------+-----------------------------+---------------------------+-------------------------+
; N/A   ; Restricted to 200.00 MHz ( period = 5.000 ns ) ; DivisorFrequencia:inst2|inst17 ; DivisorFrequencia:inst2|inst17   ; ClockSeletorPrincipal ; ClockSeletorPrincipal ; None                        ; None                      ; 1.200 ns                ;
; N/A   ; Restricted to 200.00 MHz ( period = 5.000 ns ) ; DivisorFrequencia:inst2|inst16 ; DivisorFrequencia:inst2|inst16   ; ClockSeletorPrincipal ; ClockSeletorPrincipal ; None                        ; None                      ; 1.200 ns                ;
; N/A   ; Restricted to 200.00 MHz ( period = 5.000 ns ) ; DivisorFrequencia:inst2|inst15 ; DivisorFrequencia:inst2|inst15   ; ClockSeletorPrincipal ; ClockSeletorPrincipal ; None                        ; None                      ; 1.200 ns                ;
; N/A   ; Restricted to 200.00 MHz ( period = 5.000 ns ) ; DivisorFrequencia:inst2|inst14 ; DivisorFrequencia:inst2|inst14   ; ClockSeletorPrincipal ; ClockSeletorPrincipal ; None                        ; None                      ; 1.200 ns                ;
; N/A   ; Restricted to 200.00 MHz ( period = 5.000 ns ) ; DivisorFrequencia:inst2|inst13 ; DivisorFrequencia:inst2|inst13   ; ClockSeletorPrincipal ; ClockSeletorPrincipal ; None                        ; None                      ; 1.200 ns                ;
; N/A   ; Restricted to 200.00 MHz ( period = 5.000 ns ) ; DivisorFrequencia:inst2|inst12 ; DivisorFrequencia:inst2|inst12   ; ClockSeletorPrincipal ; ClockSeletorPrincipal ; None                        ; None                      ; 1.200 ns                ;
; N/A   ; Restricted to 200.00 MHz ( period = 5.000 ns ) ; DivisorFrequencia:inst2|inst11 ; DivisorFrequencia:inst2|inst11   ; ClockSeletorPrincipal ; ClockSeletorPrincipal ; None                        ; None                      ; 1.200 ns                ;
; N/A   ; Restricted to 200.00 MHz ( period = 5.000 ns ) ; DivisorFrequencia:inst2|inst8  ; DivisorFrequencia:inst2|inst8    ; ClockSeletorPrincipal ; ClockSeletorPrincipal ; None                        ; None                      ; 1.200 ns                ;
; N/A   ; Restricted to 200.00 MHz ( period = 5.000 ns ) ; DivisorFrequencia:inst2|inst10 ; DivisorFrequencia:inst2|inst10   ; ClockSeletorPrincipal ; ClockSeletorPrincipal ; None                        ; None                      ; 1.200 ns                ;
; N/A   ; Restricted to 200.00 MHz ( period = 5.000 ns ) ; DivisorFrequencia:inst2|inst7  ; DivisorFrequencia:inst2|inst7    ; ClockSeletorPrincipal ; ClockSeletorPrincipal ; None                        ; None                      ; 1.200 ns                ;
; N/A   ; Restricted to 200.00 MHz ( period = 5.000 ns ) ; DivisorFrequencia:inst2|inst6  ; DivisorFrequencia:inst2|inst6    ; ClockSeletorPrincipal ; ClockSeletorPrincipal ; None                        ; None                      ; 1.200 ns                ;
; N/A   ; Restricted to 200.00 MHz ( period = 5.000 ns ) ; DivisorFrequencia:inst2|inst5  ; DivisorFrequencia:inst2|inst5    ; ClockSeletorPrincipal ; ClockSeletorPrincipal ; None                        ; None                      ; 1.200 ns                ;
; N/A   ; Restricted to 200.00 MHz ( period = 5.000 ns ) ; DivisorFrequencia:inst2|inst9  ; DivisorFrequencia:inst2|inst9    ; ClockSeletorPrincipal ; ClockSeletorPrincipal ; None                        ; None                      ; 1.200 ns                ;
; N/A   ; Restricted to 200.00 MHz ( period = 5.000 ns ) ; DivisorFrequencia:inst2|inst4  ; DivisorFrequencia:inst2|inst4    ; ClockSeletorPrincipal ; ClockSeletorPrincipal ; None                        ; None                      ; 1.200 ns                ;
; N/A   ; Restricted to 200.00 MHz ( period = 5.000 ns ) ; DivisorFrequencia:inst2|inst3  ; DivisorFrequencia:inst2|inst3    ; ClockSeletorPrincipal ; ClockSeletorPrincipal ; None                        ; None                      ; 1.200 ns                ;
; N/A   ; Restricted to 200.00 MHz ( period = 5.000 ns ) ; DivisorFrequencia:inst2|inst1  ; DivisorFrequencia:inst2|inst1    ; ClockSeletorPrincipal ; ClockSeletorPrincipal ; None                        ; None                      ; 1.200 ns                ;
; N/A   ; Restricted to 200.00 MHz ( period = 5.000 ns ) ; DivisorFrequencia:inst2|inst   ; DivisorFrequencia:inst2|inst     ; ClockSeletorPrincipal ; ClockSeletorPrincipal ; None                        ; None                      ; 1.200 ns                ;
; N/A   ; Restricted to 200.00 MHz ( period = 5.000 ns ) ; DivisorFrequencia:inst2|inst17 ; DivisorFrequencia:inst2|inst17~3 ; ClockSeletorPrincipal ; ClockSeletorPrincipal ; None                        ; None                      ; 1.200 ns                ;
+-------+------------------------------------------------+--------------------------------+----------------------------------+-----------------------+-----------------------+-----------------------------+---------------------------+-------------------------+


+------------------------------------------------------------------------------------------------------------------+
; tco                                                                                                              ;
+-------+--------------+------------+----------------------------------+-------------------+-----------------------+
; Slack ; Required tco ; Actual tco ; From                             ; To                ; From Clock            ;
+-------+--------------+------------+----------------------------------+-------------------+-----------------------+
; N/A   ; None         ; 85.100 ns  ; DivisorFrequencia:inst2|inst17   ; saidaprincipal1   ; ClockSeletorPrincipal ;
; N/A   ; None         ; 82.700 ns  ; DivisorFrequencia:inst2|inst17   ; saidaprincipal6   ; ClockSeletorPrincipal ;
; N/A   ; None         ; 81.400 ns  ; DivisorFrequencia:inst2|inst17   ; saidaprincipal3   ; ClockSeletorPrincipal ;
; N/A   ; None         ; 81.000 ns  ; DivisorFrequencia:inst2|inst17   ; saidaprincipal2   ; ClockSeletorPrincipal ;
; N/A   ; None         ; 80.900 ns  ; DivisorFrequencia:inst2|inst17   ; saidaprincipal7   ; ClockSeletorPrincipal ;
; N/A   ; None         ; 78.500 ns  ; DivisorFrequencia:inst2|inst17   ; saidaprincipal5   ; ClockSeletorPrincipal ;
; N/A   ; None         ; 78.500 ns  ; DivisorFrequencia:inst2|inst17   ; saidaprincipal4   ; ClockSeletorPrincipal ;
; N/A   ; None         ; 65.300 ns  ; DivisorFrequencia:inst2|inst17~3 ; ColunaSelecionada ; ClockSeletorPrincipal ;
; N/A   ; None         ; 65.300 ns  ; DivisorFrequencia:inst2|inst17   ; LinhasSelecionada ; ClockSeletorPrincipal ;
+-------+--------------+------------+----------------------------------+-------------------+-----------------------+


+----------------------------------------------------------------------+
; tpd                                                                  ;
+-------+-------------------+-----------------+------+-----------------+
; Slack ; Required P2P Time ; Actual P2P Time ; From ; To              ;
+-------+-------------------+-----------------+------+-----------------+
; N/A   ; None              ; 32.800 ns       ; L1   ; saidaprincipal1 ;
; N/A   ; None              ; 32.600 ns       ; C1   ; saidaprincipal1 ;
; N/A   ; None              ; 30.400 ns       ; L2   ; saidaprincipal6 ;
; N/A   ; None              ; 30.300 ns       ; C2   ; saidaprincipal6 ;
; N/A   ; None              ; 29.200 ns       ; C4   ; saidaprincipal1 ;
; N/A   ; None              ; 29.100 ns       ; L1   ; saidaprincipal3 ;
; N/A   ; None              ; 28.900 ns       ; C1   ; saidaprincipal3 ;
; N/A   ; None              ; 28.900 ns       ; L2   ; saidaprincipal1 ;
; N/A   ; None              ; 28.800 ns       ; C2   ; saidaprincipal1 ;
; N/A   ; None              ; 28.700 ns       ; L1   ; saidaprincipal2 ;
; N/A   ; None              ; 28.600 ns       ; L3   ; saidaprincipal7 ;
; N/A   ; None              ; 28.600 ns       ; L2   ; saidaprincipal3 ;
; N/A   ; None              ; 28.600 ns       ; L3   ; saidaprincipal1 ;
; N/A   ; None              ; 28.500 ns       ; C3   ; saidaprincipal7 ;
; N/A   ; None              ; 28.500 ns       ; C2   ; saidaprincipal3 ;
; N/A   ; None              ; 28.500 ns       ; C1   ; saidaprincipal2 ;
; N/A   ; None              ; 28.500 ns       ; C3   ; saidaprincipal1 ;
; N/A   ; None              ; 28.400 ns       ; L1   ; saidaprincipal7 ;
; N/A   ; None              ; 28.400 ns       ; L3   ; saidaprincipal2 ;
; N/A   ; None              ; 28.300 ns       ; C3   ; saidaprincipal2 ;
; N/A   ; None              ; 28.200 ns       ; C1   ; saidaprincipal7 ;
; N/A   ; None              ; 28.200 ns       ; L1   ; saidaprincipal6 ;
; N/A   ; None              ; 28.200 ns       ; L2   ; saidaprincipal2 ;
; N/A   ; None              ; 28.200 ns       ; C4   ; saidaprincipal2 ;
; N/A   ; None              ; 28.200 ns       ; L4   ; saidaprincipal1 ;
; N/A   ; None              ; 28.100 ns       ; L2   ; saidaprincipal7 ;
; N/A   ; None              ; 28.100 ns       ; C2   ; saidaprincipal2 ;
; N/A   ; None              ; 28.000 ns       ; C4   ; saidaprincipal7 ;
; N/A   ; None              ; 28.000 ns       ; C2   ; saidaprincipal7 ;
; N/A   ; None              ; 28.000 ns       ; L3   ; saidaprincipal6 ;
; N/A   ; None              ; 28.000 ns       ; C1   ; saidaprincipal6 ;
; N/A   ; None              ; 27.600 ns       ; C3   ; saidaprincipal6 ;
; N/A   ; None              ; 27.500 ns       ; L4   ; saidaprincipal2 ;
; N/A   ; None              ; 27.300 ns       ; L4   ; saidaprincipal7 ;
; N/A   ; None              ; 27.200 ns       ; C4   ; saidaprincipal6 ;
; N/A   ; None              ; 27.100 ns       ; C4   ; saidaprincipal3 ;
; N/A   ; None              ; 27.000 ns       ; L3   ; saidaprincipal3 ;
; N/A   ; None              ; 26.900 ns       ; C3   ; saidaprincipal3 ;
; N/A   ; None              ; 26.200 ns       ; L4   ; saidaprincipal6 ;
; N/A   ; None              ; 26.200 ns       ; L1   ; saidaprincipal5 ;
; N/A   ; None              ; 26.200 ns       ; L1   ; saidaprincipal4 ;
; N/A   ; None              ; 26.100 ns       ; L4   ; saidaprincipal3 ;
; N/A   ; None              ; 26.000 ns       ; C1   ; saidaprincipal5 ;
; N/A   ; None              ; 26.000 ns       ; C1   ; saidaprincipal4 ;
; N/A   ; None              ; 25.500 ns       ; L3   ; saidaprincipal4 ;
; N/A   ; None              ; 25.400 ns       ; C3   ; saidaprincipal4 ;
; N/A   ; None              ; 25.300 ns       ; L2   ; saidaprincipal4 ;
; N/A   ; None              ; 25.200 ns       ; C2   ; saidaprincipal4 ;
; N/A   ; None              ; 24.200 ns       ; L2   ; saidaprincipal5 ;
; N/A   ; None              ; 24.100 ns       ; C2   ; saidaprincipal5 ;
; N/A   ; None              ; 24.000 ns       ; L3   ; saidaprincipal5 ;
; N/A   ; None              ; 23.900 ns       ; C3   ; saidaprincipal5 ;
; N/A   ; None              ; 23.600 ns       ; C4   ; saidaprincipal5 ;
; N/A   ; None              ; 23.200 ns       ; C4   ; saidaprincipal4 ;
; N/A   ; None              ; 22.900 ns       ; L4   ; saidaprincipal5 ;
; N/A   ; None              ; 22.400 ns       ; L4   ; saidaprincipal4 ;
; N/A   ; None              ; 21.200 ns       ; C3   ; SC5             ;
; N/A   ; None              ; 20.900 ns       ; C4   ; SC5             ;
; N/A   ; None              ; 20.900 ns       ; C2   ; SC5             ;
; N/A   ; None              ; 20.800 ns       ; C1   ; SC5             ;
; N/A   ; None              ; 20.800 ns       ; L3   ; SL7             ;
; N/A   ; None              ; 20.700 ns       ; C4   ; SC4             ;
; N/A   ; None              ; 20.600 ns       ; C1   ; SC4             ;
; N/A   ; None              ; 20.600 ns       ; L2   ; SL7             ;
; N/A   ; None              ; 20.500 ns       ; L1   ; SL7             ;
; N/A   ; None              ; 20.400 ns       ; C3   ; SC4             ;
; N/A   ; None              ; 20.300 ns       ; L3   ; SL5             ;
; N/A   ; None              ; 20.200 ns       ; C2   ; SC4             ;
; N/A   ; None              ; 20.200 ns       ; L2   ; SL5             ;
; N/A   ; None              ; 20.100 ns       ; L1   ; SL5             ;
; N/A   ; None              ; 19.800 ns       ; L4   ; SL5             ;
; N/A   ; None              ; 19.600 ns       ; C4   ; SC3             ;
; N/A   ; None              ; 19.600 ns       ; C4   ; SC1             ;
; N/A   ; None              ; 19.600 ns       ; L4   ; SL7             ;
; N/A   ; None              ; 19.600 ns       ; L3   ; SL1             ;
; N/A   ; None              ; 19.500 ns       ; C4   ; SC2             ;
; N/A   ; None              ; 19.400 ns       ; L2   ; SL1             ;
; N/A   ; None              ; 19.400 ns       ; L1   ; SL1             ;
; N/A   ; None              ; 19.200 ns       ; C3   ; SC3             ;
; N/A   ; None              ; 19.200 ns       ; C2   ; SC2             ;
; N/A   ; None              ; 19.200 ns       ; C2   ; SC1             ;
; N/A   ; None              ; 19.100 ns       ; C1   ; SC3             ;
; N/A   ; None              ; 19.100 ns       ; C3   ; SC1             ;
; N/A   ; None              ; 19.000 ns       ; C1   ; SC2             ;
; N/A   ; None              ; 18.900 ns       ; C2   ; SC3             ;
; N/A   ; None              ; 18.900 ns       ; C3   ; SC2             ;
; N/A   ; None              ; 18.800 ns       ; C1   ; SC1             ;
; N/A   ; None              ; 18.800 ns       ; L1   ; SL2             ;
; N/A   ; None              ; 18.700 ns       ; L2   ; SL3             ;
; N/A   ; None              ; 18.600 ns       ; L3   ; SL6             ;
; N/A   ; None              ; 18.500 ns       ; L1   ; SL6             ;
; N/A   ; None              ; 18.500 ns       ; L1   ; SL3             ;
; N/A   ; None              ; 18.500 ns       ; L3   ; SL2             ;
; N/A   ; None              ; 18.400 ns       ; L2   ; SL6             ;
; N/A   ; None              ; 18.400 ns       ; L1   ; SL4             ;
; N/A   ; None              ; 18.400 ns       ; L2   ; SL2             ;
; N/A   ; None              ; 18.400 ns       ; L4   ; SL1             ;
; N/A   ; None              ; 18.300 ns       ; L4   ; SL3             ;
; N/A   ; None              ; 18.200 ns       ; L2   ; SL4             ;
; N/A   ; None              ; 18.200 ns       ; L4   ; SL2             ;
; N/A   ; None              ; 18.100 ns       ; L4   ; SL6             ;
; N/A   ; None              ; 18.100 ns       ; L3   ; SL3             ;
; N/A   ; None              ; 18.000 ns       ; L4   ; SL4             ;
; N/A   ; None              ; 17.800 ns       ; L3   ; SL4             ;
+-------+-------------------+-----------------+------+-----------------+


+--------------------------+
; Timing Analyzer Messages ;
+--------------------------+
Info: *******************************************************************
Info: Running Quartus II Classic Timing Analyzer
    Info: Version 9.0 Build 132 02/25/2009 SJ Full Version
    Info: Processing started: Mon May  4 11:25:50 2015
Info: Command: quartus_tan --read_settings_files=off --write_settings_files=off CircuitoDigital -c CircuitoDigital
Info: Parallel compilation is enabled and will use 2 of the 2 processors detected
Info: Started post-fitting delay annotation
Info: Delay annotation completed successfully
Warning: Found pins functioning as undefined clocks and/or memory enables
    Info: Assuming node "ClockSeletorPrincipal" is an undefined clock
Warning: Found 16 node(s) in clock paths which may be acting as ripple and/or gated clocks -- node(s) analyzed as buffer(s) resulting in clock skew
    Info: Detected ripple clock "DivisorFrequencia:inst2|inst" as buffer
    Info: Detected ripple clock "DivisorFrequencia:inst2|inst1" as buffer
    Info: Detected ripple clock "DivisorFrequencia:inst2|inst3" as buffer
    Info: Detected ripple clock "DivisorFrequencia:inst2|inst4" as buffer
    Info: Detected ripple clock "DivisorFrequencia:inst2|inst9" as buffer
    Info: Detected ripple clock "DivisorFrequencia:inst2|inst5" as buffer
    Info: Detected ripple clock "DivisorFrequencia:inst2|inst6" as buffer
    Info: Detected ripple clock "DivisorFrequencia:inst2|inst7" as buffer
    Info: Detected ripple clock "DivisorFrequencia:inst2|inst10" as buffer
    Info: Detected ripple clock "DivisorFrequencia:inst2|inst8" as buffer
    Info: Detected ripple clock "DivisorFrequencia:inst2|inst11" as buffer
    Info: Detected ripple clock "DivisorFrequencia:inst2|inst12" as buffer
    Info: Detected ripple clock "DivisorFrequencia:inst2|inst13" as buffer
    Info: Detected ripple clock "DivisorFrequencia:inst2|inst14" as buffer
    Info: Detected ripple clock "DivisorFrequencia:inst2|inst15" as buffer
    Info: Detected ripple clock "DivisorFrequencia:inst2|inst16" as buffer
Info: Clock "ClockSeletorPrincipal" Internal fmax is restricted to 200.0 MHz between source register "DivisorFrequencia:inst2|inst17" and destination register "DivisorFrequencia:inst2|inst17"
    Info: fmax restricted to Clock High delay (2.5 ns) plus Clock Low delay (2.5 ns) : restricted to 5.0 ns. Expand message to see actual delay path.
        Info: + Longest register to register delay is 1.200 ns
            Info: 1: + IC(0.000 ns) + CELL(0.000 ns) = 0.000 ns; Loc. = LC7_E20; Fanout = 12; REG Node = 'DivisorFrequencia:inst2|inst17'
            Info: 2: + IC(0.200 ns) + CELL(1.000 ns) = 1.200 ns; Loc. = LC7_E20; Fanout = 12; REG Node = 'DivisorFrequencia:inst2|inst17'
            Info: Total cell delay = 1.000 ns ( 83.33 % )
            Info: Total interconnect delay = 0.200 ns ( 16.67 % )
        Info: - Smallest clock skew is 0.000 ns
            Info: + Shortest clock path from clock "ClockSeletorPrincipal" to destination register is 54.800 ns
                Info: 1: + IC(0.000 ns) + CELL(0.500 ns) = 0.500 ns; Loc. = PIN_79; Fanout = 1; CLK Node = 'ClockSeletorPrincipal'
                Info: 2: + IC(1.400 ns) + CELL(1.100 ns) = 3.000 ns; Loc. = LC1_L28; Fanout = 2; REG Node = 'DivisorFrequencia:inst2|inst'
                Info: 3: + IC(1.700 ns) + CELL(1.100 ns) = 5.800 ns; Loc. = LC1_L27; Fanout = 2; REG Node = 'DivisorFrequencia:inst2|inst1'
                Info: 4: + IC(2.000 ns) + CELL(1.100 ns) = 8.900 ns; Loc. = LC1_L40; Fanout = 2; REG Node = 'DivisorFrequencia:inst2|inst3'
                Info: 5: + IC(1.700 ns) + CELL(1.100 ns) = 11.700 ns; Loc. = LC1_L39; Fanout = 2; REG Node = 'DivisorFrequencia:inst2|inst4'
                Info: 6: + IC(1.500 ns) + CELL(1.100 ns) = 14.300 ns; Loc. = LC2_L27; Fanout = 2; REG Node = 'DivisorFrequencia:inst2|inst9'
                Info: 7: + IC(1.900 ns) + CELL(1.100 ns) = 17.300 ns; Loc. = LC1_L35; Fanout = 2; REG Node = 'DivisorFrequencia:inst2|inst5'
                Info: 8: + IC(1.700 ns) + CELL(1.100 ns) = 20.100 ns; Loc. = LC1_L31; Fanout = 2; REG Node = 'DivisorFrequencia:inst2|inst6'
                Info: 9: + IC(1.700 ns) + CELL(1.100 ns) = 22.900 ns; Loc. = LC1_L29; Fanout = 2; REG Node = 'DivisorFrequencia:inst2|inst7'
                Info: 10: + IC(2.000 ns) + CELL(1.100 ns) = 26.000 ns; Loc. = LC1_L7; Fanout = 2; REG Node = 'DivisorFrequencia:inst2|inst10'
                Info: 11: + IC(1.800 ns) + CELL(1.100 ns) = 28.900 ns; Loc. = LC1_L1; Fanout = 2; REG Node = 'DivisorFrequencia:inst2|inst8'
                Info: 12: + IC(4.700 ns) + CELL(1.100 ns) = 34.700 ns; Loc. = LC1_B14; Fanout = 2; REG Node = 'DivisorFrequencia:inst2|inst11'
                Info: 13: + IC(1.200 ns) + CELL(1.100 ns) = 37.000 ns; Loc. = LC1_B3; Fanout = 2; REG Node = 'DivisorFrequencia:inst2|inst12'
                Info: 14: + IC(2.500 ns) + CELL(1.100 ns) = 40.600 ns; Loc. = LC1_B25; Fanout = 2; REG Node = 'DivisorFrequencia:inst2|inst13'
                Info: 15: + IC(1.800 ns) + CELL(1.100 ns) = 43.500 ns; Loc. = LC1_B23; Fanout = 2; REG Node = 'DivisorFrequencia:inst2|inst14'
                Info: 16: + IC(1.900 ns) + CELL(1.100 ns) = 46.500 ns; Loc. = LC1_B13; Fanout = 2; REG Node = 'DivisorFrequencia:inst2|inst15'
                Info: 17: + IC(2.000 ns) + CELL(1.100 ns) = 49.600 ns; Loc. = LC1_B19; Fanout = 3; REG Node = 'DivisorFrequencia:inst2|inst16'
                Info: 18: + IC(5.200 ns) + CELL(0.000 ns) = 54.800 ns; Loc. = LC7_E20; Fanout = 12; REG Node = 'DivisorFrequencia:inst2|inst17'
                Info: Total cell delay = 18.100 ns ( 33.03 % )
                Info: Total interconnect delay = 36.700 ns ( 66.97 % )
            Info: - Longest clock path from clock "ClockSeletorPrincipal" to source register is 54.800 ns
                Info: 1: + IC(0.000 ns) + CELL(0.500 ns) = 0.500 ns; Loc. = PIN_79; Fanout = 1; CLK Node = 'ClockSeletorPrincipal'
                Info: 2: + IC(1.400 ns) + CELL(1.100 ns) = 3.000 ns; Loc. = LC1_L28; Fanout = 2; REG Node = 'DivisorFrequencia:inst2|inst'
                Info: 3: + IC(1.700 ns) + CELL(1.100 ns) = 5.800 ns; Loc. = LC1_L27; Fanout = 2; REG Node = 'DivisorFrequencia:inst2|inst1'
                Info: 4: + IC(2.000 ns) + CELL(1.100 ns) = 8.900 ns; Loc. = LC1_L40; Fanout = 2; REG Node = 'DivisorFrequencia:inst2|inst3'
                Info: 5: + IC(1.700 ns) + CELL(1.100 ns) = 11.700 ns; Loc. = LC1_L39; Fanout = 2; REG Node = 'DivisorFrequencia:inst2|inst4'
                Info: 6: + IC(1.500 ns) + CELL(1.100 ns) = 14.300 ns; Loc. = LC2_L27; Fanout = 2; REG Node = 'DivisorFrequencia:inst2|inst9'
                Info: 7: + IC(1.900 ns) + CELL(1.100 ns) = 17.300 ns; Loc. = LC1_L35; Fanout = 2; REG Node = 'DivisorFrequencia:inst2|inst5'
                Info: 8: + IC(1.700 ns) + CELL(1.100 ns) = 20.100 ns; Loc. = LC1_L31; Fanout = 2; REG Node = 'DivisorFrequencia:inst2|inst6'
                Info: 9: + IC(1.700 ns) + CELL(1.100 ns) = 22.900 ns; Loc. = LC1_L29; Fanout = 2; REG Node = 'DivisorFrequencia:inst2|inst7'
                Info: 10: + IC(2.000 ns) + CELL(1.100 ns) = 26.000 ns; Loc. = LC1_L7; Fanout = 2; REG Node = 'DivisorFrequencia:inst2|inst10'
                Info: 11: + IC(1.800 ns) + CELL(1.100 ns) = 28.900 ns; Loc. = LC1_L1; Fanout = 2; REG Node = 'DivisorFrequencia:inst2|inst8'
                Info: 12: + IC(4.700 ns) + CELL(1.100 ns) = 34.700 ns; Loc. = LC1_B14; Fanout = 2; REG Node = 'DivisorFrequencia:inst2|inst11'
                Info: 13: + IC(1.200 ns) + CELL(1.100 ns) = 37.000 ns; Loc. = LC1_B3; Fanout = 2; REG Node = 'DivisorFrequencia:inst2|inst12'
                Info: 14: + IC(2.500 ns) + CELL(1.100 ns) = 40.600 ns; Loc. = LC1_B25; Fanout = 2; REG Node = 'DivisorFrequencia:inst2|inst13'
                Info: 15: + IC(1.800 ns) + CELL(1.100 ns) = 43.500 ns; Loc. = LC1_B23; Fanout = 2; REG Node = 'DivisorFrequencia:inst2|inst14'
                Info: 16: + IC(1.900 ns) + CELL(1.100 ns) = 46.500 ns; Loc. = LC1_B13; Fanout = 2; REG Node = 'DivisorFrequencia:inst2|inst15'
                Info: 17: + IC(2.000 ns) + CELL(1.100 ns) = 49.600 ns; Loc. = LC1_B19; Fanout = 3; REG Node = 'DivisorFrequencia:inst2|inst16'
                Info: 18: + IC(5.200 ns) + CELL(0.000 ns) = 54.800 ns; Loc. = LC7_E20; Fanout = 12; REG Node = 'DivisorFrequencia:inst2|inst17'
                Info: Total cell delay = 18.100 ns ( 33.03 % )
                Info: Total interconnect delay = 36.700 ns ( 66.97 % )
        Info: + Micro clock to output delay of source is 1.100 ns
        Info: + Micro setup delay of destination is 0.700 ns
Info: tco from clock "ClockSeletorPrincipal" to destination pin "saidaprincipal1" through register "DivisorFrequencia:inst2|inst17" is 85.100 ns
    Info: + Longest clock path from clock "ClockSeletorPrincipal" to source register is 54.800 ns
        Info: 1: + IC(0.000 ns) + CELL(0.500 ns) = 0.500 ns; Loc. = PIN_79; Fanout = 1; CLK Node = 'ClockSeletorPrincipal'
        Info: 2: + IC(1.400 ns) + CELL(1.100 ns) = 3.000 ns; Loc. = LC1_L28; Fanout = 2; REG Node = 'DivisorFrequencia:inst2|inst'
        Info: 3: + IC(1.700 ns) + CELL(1.100 ns) = 5.800 ns; Loc. = LC1_L27; Fanout = 2; REG Node = 'DivisorFrequencia:inst2|inst1'
        Info: 4: + IC(2.000 ns) + CELL(1.100 ns) = 8.900 ns; Loc. = LC1_L40; Fanout = 2; REG Node = 'DivisorFrequencia:inst2|inst3'
        Info: 5: + IC(1.700 ns) + CELL(1.100 ns) = 11.700 ns; Loc. = LC1_L39; Fanout = 2; REG Node = 'DivisorFrequencia:inst2|inst4'
        Info: 6: + IC(1.500 ns) + CELL(1.100 ns) = 14.300 ns; Loc. = LC2_L27; Fanout = 2; REG Node = 'DivisorFrequencia:inst2|inst9'
        Info: 7: + IC(1.900 ns) + CELL(1.100 ns) = 17.300 ns; Loc. = LC1_L35; Fanout = 2; REG Node = 'DivisorFrequencia:inst2|inst5'
        Info: 8: + IC(1.700 ns) + CELL(1.100 ns) = 20.100 ns; Loc. = LC1_L31; Fanout = 2; REG Node = 'DivisorFrequencia:inst2|inst6'
        Info: 9: + IC(1.700 ns) + CELL(1.100 ns) = 22.900 ns; Loc. = LC1_L29; Fanout = 2; REG Node = 'DivisorFrequencia:inst2|inst7'
        Info: 10: + IC(2.000 ns) + CELL(1.100 ns) = 26.000 ns; Loc. = LC1_L7; Fanout = 2; REG Node = 'DivisorFrequencia:inst2|inst10'
        Info: 11: + IC(1.800 ns) + CELL(1.100 ns) = 28.900 ns; Loc. = LC1_L1; Fanout = 2; REG Node = 'DivisorFrequencia:inst2|inst8'
        Info: 12: + IC(4.700 ns) + CELL(1.100 ns) = 34.700 ns; Loc. = LC1_B14; Fanout = 2; REG Node = 'DivisorFrequencia:inst2|inst11'
        Info: 13: + IC(1.200 ns) + CELL(1.100 ns) = 37.000 ns; Loc. = LC1_B3; Fanout = 2; REG Node = 'DivisorFrequencia:inst2|inst12'
        Info: 14: + IC(2.500 ns) + CELL(1.100 ns) = 40.600 ns; Loc. = LC1_B25; Fanout = 2; REG Node = 'DivisorFrequencia:inst2|inst13'
        Info: 15: + IC(1.800 ns) + CELL(1.100 ns) = 43.500 ns; Loc. = LC1_B23; Fanout = 2; REG Node = 'DivisorFrequencia:inst2|inst14'
        Info: 16: + IC(1.900 ns) + CELL(1.100 ns) = 46.500 ns; Loc. = LC1_B13; Fanout = 2; REG Node = 'DivisorFrequencia:inst2|inst15'
        Info: 17: + IC(2.000 ns) + CELL(1.100 ns) = 49.600 ns; Loc. = LC1_B19; Fanout = 3; REG Node = 'DivisorFrequencia:inst2|inst16'
        Info: 18: + IC(5.200 ns) + CELL(0.000 ns) = 54.800 ns; Loc. = LC7_E20; Fanout = 12; REG Node = 'DivisorFrequencia:inst2|inst17'
        Info: Total cell delay = 18.100 ns ( 33.03 % )
        Info: Total interconnect delay = 36.700 ns ( 66.97 % )
    Info: + Micro clock to output delay of source is 1.100 ns
    Info: + Longest register to pin delay is 29.200 ns
        Info: 1: + IC(0.000 ns) + CELL(0.000 ns) = 0.000 ns; Loc. = LC7_E20; Fanout = 12; REG Node = 'DivisorFrequencia:inst2|inst17'
        Info: 2: + IC(4.100 ns) + CELL(1.700 ns) = 5.800 ns; Loc. = LC8_H5; Fanout = 7; COMB Node = 'mux8x4:inst7|inst18~0'
        Info: 3: + IC(1.800 ns) + CELL(1.900 ns) = 9.500 ns; Loc. = LC1_H4; Fanout = 4; COMB Node = 'MultiplexadorComplexo:inst6|inst12~0'
        Info: 4: + IC(2.100 ns) + CELL(2.200 ns) = 13.800 ns; Loc. = LC2_H12; Fanout = 1; COMB Node = 'MultiplexadorComplexo:inst6|inst7~0'
        Info: 5: + IC(1.900 ns) + CELL(2.200 ns) = 17.900 ns; Loc. = LC5_H16; Fanout = 1; COMB Node = 'MultiplexadorComplexo:inst6|inst7~1'
        Info: 6: + IC(2.700 ns) + CELL(8.600 ns) = 29.200 ns; Loc. = PIN_126; Fanout = 0; PIN Node = 'saidaprincipal1'
        Info: Total cell delay = 16.600 ns ( 56.85 % )
        Info: Total interconnect delay = 12.600 ns ( 43.15 % )
Info: Longest tpd from source pin "L1" to destination pin "saidaprincipal1" is 32.800 ns
    Info: 1: + IC(0.000 ns) + CELL(3.100 ns) = 3.100 ns; Loc. = PIN_89; Fanout = 8; PIN Node = 'L1'
    Info: 2: + IC(4.400 ns) + CELL(1.900 ns) = 9.400 ns; Loc. = LC8_H5; Fanout = 7; COMB Node = 'mux8x4:inst7|inst18~0'
    Info: 3: + IC(1.800 ns) + CELL(1.900 ns) = 13.100 ns; Loc. = LC1_H4; Fanout = 4; COMB Node = 'MultiplexadorComplexo:inst6|inst12~0'
    Info: 4: + IC(2.100 ns) + CELL(2.200 ns) = 17.400 ns; Loc. = LC2_H12; Fanout = 1; COMB Node = 'MultiplexadorComplexo:inst6|inst7~0'
    Info: 5: + IC(1.900 ns) + CELL(2.200 ns) = 21.500 ns; Loc. = LC5_H16; Fanout = 1; COMB Node = 'MultiplexadorComplexo:inst6|inst7~1'
    Info: 6: + IC(2.700 ns) + CELL(8.600 ns) = 32.800 ns; Loc. = PIN_126; Fanout = 0; PIN Node = 'saidaprincipal1'
    Info: Total cell delay = 19.900 ns ( 60.67 % )
    Info: Total interconnect delay = 12.900 ns ( 39.33 % )
Info: Quartus II Classic Timing Analyzer was successful. 0 errors, 2 warnings
    Info: Peak virtual memory: 141 megabytes
    Info: Processing ended: Mon May  4 11:25:50 2015
    Info: Elapsed time: 00:00:00
    Info: Total CPU time (on all processors): 00:00:01


